<?xml version="1.0" encoding="UTF-8"?>
<testsuite name="com.guwave.onetest.site.application.PinAppServiceTest" tests="6" skipped="0" failures="0" errors="0" timestamp="2021-12-26T11:38:40" hostname="liulijundeMacBook-Pro.local" time="0.016">
  <properties/>
  <testcase name="should_throw_exception_when_rename_pin_given_new_name_exist()" classname="com.guwave.onetest.site.application.PinAppServiceTest" time="0.002"/>
  <testcase name="should_throw_exception_when_rename_pin_given_pin_is_not_exist()" classname="com.guwave.onetest.site.application.PinAppServiceTest" time="0.001"/>
  <testcase name="should_success_when_rename_pin_given_new_name_is_not_exist()" classname="com.guwave.onetest.site.application.PinAppServiceTest" time="0.002"/>
  <testcase name="should_success_when_delete_pin_given_pin_exist()" classname="com.guwave.onetest.site.application.PinAppServiceTest" time="0.007"/>
  <testcase name="should_success_when_delete_pin_given_pin_not_exist()" classname="com.guwave.onetest.site.application.PinAppServiceTest" time="0.001"/>
  <testcase name="should_success_when_create_pin_given_valid_info()" classname="com.guwave.onetest.site.application.PinAppServiceTest" time="0.001"/>
  <system-out><![CDATA[]]></system-out>
  <system-err><![CDATA[]]></system-err>
</testsuite>
